To honour the JVM settings for this build a single-use Daemon process will be forked. For more on this, please refer to https://docs.gradle.org/8.10.2/userguide/gradle_daemon.html#sec:disabling_the_daemon in the Gradle documentation.
Daemon will be stopped at the end of the build 
> Task :gradle-plugin:settings-plugin:checkKotlinGradlePluginConfigurationErrors
> Task :gradle-plugin:shared:checkKotlinGradlePluginConfigurationErrors
> Task :gradle-plugin:shared:compileKotlin UP-TO-DATE
> Task :gradle-plugin:shared:compileJava NO-SOURCE
> Task :gradle-plugin:shared:processResources NO-SOURCE
> Task :gradle-plugin:shared:classes UP-TO-DATE
> Task :gradle-plugin:shared:jar UP-TO-DATE
> Task :gradle-plugin:settings-plugin:compileKotlin UP-TO-DATE
> Task :gradle-plugin:settings-plugin:compileJava NO-SOURCE
> Task :gradle-plugin:settings-plugin:pluginDescriptors UP-TO-DATE
> Task :gradle-plugin:settings-plugin:processResources UP-TO-DATE
> Task :gradle-plugin:settings-plugin:classes UP-TO-DATE
> Task :gradle-plugin:settings-plugin:jar UP-TO-DATE
> Task :gradle-plugin:react-native-gradle-plugin:checkKotlinGradlePluginConfigurationErrors
> Task :gradle-plugin:react-native-gradle-plugin:pluginDescriptors
> Task :gradle-plugin:react-native-gradle-plugin:processResources
> Task :gradle-plugin:react-native-gradle-plugin:compileKotlin
> Task :gradle-plugin:react-native-gradle-plugin:compileJava NO-SOURCE
> Task :gradle-plugin:react-native-gradle-plugin:classes
> Task :gradle-plugin:react-native-gradle-plugin:jar

> Configure project :expo-modules-core
Checking the license for package NDK (Side by side) 26.1.10909125 in /home/engine/android-sdk/licenses
License for package NDK (Side by side) 26.1.10909125 accepted.
Preparing "Install NDK (Side by side) 26.1.10909125 v.26.1.10909125".
"Install NDK (Side by side) 26.1.10909125 v.26.1.10909125" ready.
Installing NDK (Side by side) 26.1.10909125 in /home/engine/android-sdk/ndk/26.1.10909125
"Install NDK (Side by side) 26.1.10909125 v.26.1.10909125" complete.
"Install NDK (Side by side) 26.1.10909125 v.26.1.10909125" finished.

> Configure project :expo

Using expo modules
  - [32mexpo-asset[0m (11.0.5)
  - [32mexpo-constants[0m (17.0.8)
  - [32mexpo-document-picker[0m (13.0.3)
  - [32mexpo-file-system[0m (18.0.12)
  - [32mexpo-font[0m (13.0.4)
  - [32mexpo-image-loader[0m (5.0.0)
  - [32mexpo-image-picker[0m (16.0.6)
  - [32mexpo-keep-awake[0m (14.0.3)
  - [32mexpo-linking[0m (7.0.5)
  - [32mexpo-modules-core[0m (2.2.3)
  - [32mexpo-system-ui[0m (4.0.9)


> Configure project :react-native-google-mobile-ads
:react-native-google-mobile-ads package.json found at /home/engine/project/node_modules/react-native-google-mobile-ads/package.json
:react-native-google-mobile-ads package.json found at /home/engine/project/node_modules/react-native-google-mobile-ads/package.json
:react-native-google-mobile-ads:version set from package.json: 16.0.1 (16,0,1 - 16000001)
:react-native-google-mobile-ads:android.compileSdk using custom value: 35
:react-native-google-mobile-ads:android.targetSdk using custom value: 34
:react-native-google-mobile-ads:android.minSdk using custom value: 24
:react-native-google-mobile-ads:reactNativeAndroidDir /home/engine/project/node_modules/react-native/android

> Configure project :react-native-reanimated
Android gradle plugin: 8.6.0
Gradle: 8.10.2
