Starting a Gradle Daemon, 1 busy and 6 stopped Daemons could not be reused, use --status for details
> Task :gradle-plugin:settings-plugin:checkKotlinGradlePluginConfigurationErrors
> Task :gradle-plugin:shared:checkKotlinGradlePluginConfigurationErrors
> Task :gradle-plugin:shared:compileKotlin UP-TO-DATE
> Task :gradle-plugin:shared:compileJava NO-SOURCE
> Task :gradle-plugin:shared:processResources NO-SOURCE
> Task :gradle-plugin:shared:classes UP-TO-DATE
> Task :gradle-plugin:shared:jar UP-TO-DATE
> Task :gradle-plugin:settings-plugin:compileKotlin UP-TO-DATE
> Task :gradle-plugin:settings-plugin:compileJava NO-SOURCE
> Task :gradle-plugin:settings-plugin:pluginDescriptors UP-TO-DATE
> Task :gradle-plugin:settings-plugin:processResources UP-TO-DATE
> Task :gradle-plugin:settings-plugin:classes UP-TO-DATE
> Task :gradle-plugin:settings-plugin:jar UP-TO-DATE
> Task :gradle-plugin:react-native-gradle-plugin:checkKotlinGradlePluginConfigurationErrors
> Task :gradle-plugin:react-native-gradle-plugin:compileKotlin UP-TO-DATE
> Task :gradle-plugin:react-native-gradle-plugin:compileJava NO-SOURCE
> Task :gradle-plugin:react-native-gradle-plugin:pluginDescriptors UP-TO-DATE
> Task :gradle-plugin:react-native-gradle-plugin:processResources UP-TO-DATE
> Task :gradle-plugin:react-native-gradle-plugin:classes UP-TO-DATE
> Task :gradle-plugin:react-native-gradle-plugin:jar UP-TO-DATE

> Configure project :expo

Using expo modules
  - [32mexpo-asset[0m (11.0.5)
  - [32mexpo-constants[0m (17.0.8)
  - [32mexpo-document-picker[0m (13.0.3)
  - [32mexpo-file-system[0m (18.0.12)
  - [32mexpo-font[0m (13.0.4)
  - [32mexpo-image-loader[0m (5.0.0)
  - [32mexpo-image-picker[0m (16.0.6)
  - [32mexpo-keep-awake[0m (14.0.3)
  - [32mexpo-linking[0m (7.0.5)
  - [32mexpo-modules-core[0m (2.2.3)
  - [32mexpo-system-ui[0m (4.0.9)


> Configure project :react-native-google-mobile-ads
:react-native-google-mobile-ads package.json found at /home/engine/project/node_modules/react-native-google-mobile-ads/package.json




**************************************************************************************************************




WARNING: react-native-google-mobile-ads requires an 'android_app_id' property inside a 'react-native-google-mobile-ads' key in your app.json.
         No android_app_id property was found in this location. The native Google Mobile Ads SDK will crash on startup without it.
         You can safely ignore this warning if you are using our Expo config plugin.




**************************************************************************************************************




:react-native-google-mobile-ads package.json found at /home/engine/project/node_modules/react-native-google-mobile-ads/package.json
:react-native-google-mobile-ads:version set from package.json: 16.0.1 (16,0,1 - 16000001)
:react-native-google-mobile-ads:android.compileSdk using custom value: 35
:react-native-google-mobile-ads:android.targetSdk using custom value: 34
:react-native-google-mobile-ads:android.minSdk using custom value: 24
:react-native-google-mobile-ads:reactNativeAndroidDir /home/engine/project/node_modules/react-native/android

> Configure project :react-native-reanimated
Android gradle plugin: 8.6.0
Gradle: 8.10.2

> Task :app:generateAutolinkingPackageList
> Task :app:generateCodegenSchemaFromJavaScript SKIPPED
> Task :app:generateCodegenArtifactsFromSchema SKIPPED
> Task :app:preBuild
> Task :app:preDebugBuild
> Task :app:mergeDebugNativeDebugMetadata NO-SOURCE
> Task :app:checkKotlinGradlePluginConfigurationErrors SKIPPED
> Task :app:generateDebugBuildConfig
> Task :expo:generateExpoModulesPackageListTask
> Task :expo:preBuild
> Task :expo:preDebugBuild
> Task :expo-asset:preBuild UP-TO-DATE
> Task :expo-asset:preDebugBuild UP-TO-DATE
> Task :expo-asset:writeDebugAarMetadata
> Task :expo:writeDebugAarMetadata

> Task :expo-constants:createExpoConfig
The NODE_ENV environment variable is required but was not specified. Ensure the project is bundled with Expo CLI or NODE_ENV is set.
Proceeding without mode-specific .env

> Task :expo-constants:preBuild
> Task :expo-constants:preDebugBuild
> Task :expo-document-picker:preBuild UP-TO-DATE
> Task :expo-document-picker:preDebugBuild UP-TO-DATE
> Task :expo-constants:writeDebugAarMetadata
> Task :expo-file-system:preBuild UP-TO-DATE
> Task :expo-file-system:preDebugBuild UP-TO-DATE
> Task :expo-document-picker:writeDebugAarMetadata
> Task :expo-font:preBuild UP-TO-DATE
> Task :expo-font:preDebugBuild UP-TO-DATE
> Task :expo-file-system:writeDebugAarMetadata
> Task :expo-image-loader:preBuild UP-TO-DATE
> Task :expo-image-loader:preDebugBuild UP-TO-DATE
> Task :expo-font:writeDebugAarMetadata
> Task :expo-image-picker:preBuild UP-TO-DATE
> Task :expo-image-picker:preDebugBuild UP-TO-DATE
> Task :expo-image-loader:writeDebugAarMetadata
> Task :expo-image-picker:writeDebugAarMetadata
> Task :expo-keep-awake:preBuild UP-TO-DATE
> Task :expo-keep-awake:preDebugBuild UP-TO-DATE
> Task :expo-keep-awake:writeDebugAarMetadata
> Task :expo-linking:preBuild UP-TO-DATE
> Task :expo-linking:preDebugBuild UP-TO-DATE
> Task :expo-modules-core:preBuild UP-TO-DATE
> Task :expo-modules-core:preDebugBuild UP-TO-DATE
> Task :expo-linking:writeDebugAarMetadata
> Task :expo-system-ui:preBuild UP-TO-DATE
> Task :expo-system-ui:preDebugBuild UP-TO-DATE
> Task :expo-modules-core:writeDebugAarMetadata
> Task :lottie-react-native:preBuild UP-TO-DATE
> Task :lottie-react-native:preDebugBuild UP-TO-DATE
> Task :expo-system-ui:writeDebugAarMetadata
> Task :react-native-async-storage_async-storage:preBuild UP-TO-DATE
> Task :react-native-async-storage_async-storage:preDebugBuild UP-TO-DATE
> Task :lottie-react-native:writeDebugAarMetadata
> Task :react-native-async-storage_async-storage:writeDebugAarMetadata
> Task :react-native-community_netinfo:preBuild UP-TO-DATE
> Task :react-native-community_netinfo:preDebugBuild UP-TO-DATE
> Task :react-native-community_netinfo:writeDebugAarMetadata
> Task :react-native-gesture-handler:preBuild UP-TO-DATE
> Task :react-native-gesture-handler:preDebugBuild UP-TO-DATE
> Task :react-native-google-mobile-ads:preBuild UP-TO-DATE
> Task :react-native-google-mobile-ads:preDebugBuild UP-TO-DATE
> Task :react-native-gesture-handler:writeDebugAarMetadata
> Task :react-native-reanimated:assertLatestReactNativeWithNewArchitectureTask SKIPPED
> Task :react-native-reanimated:assertMinimalReactNativeVersionTask SKIPPED
> Task :react-native-google-mobile-ads:writeDebugAarMetadata
> Task :react-native-reanimated:prepareReanimatedHeadersForPrefabs UP-TO-DATE
> Task :react-native-reanimated:prepareWorkletsHeadersForPrefabs UP-TO-DATE
> Task :react-native-reanimated:preBuild UP-TO-DATE
> Task :react-native-reanimated:preDebugBuild UP-TO-DATE
> Task :react-native-safe-area-context:preBuild UP-TO-DATE
> Task :react-native-safe-area-context:preDebugBuild UP-TO-DATE
> Task :react-native-screens:preBuild UP-TO-DATE
> Task :react-native-screens:preDebugBuild UP-TO-DATE
> Task :react-native-reanimated:writeDebugAarMetadata
> Task :react-native-safe-area-context:writeDebugAarMetadata
> Task :react-native-screens:writeDebugAarMetadata
> Task :app:generateDebugResValues
> Task :expo:generateDebugResValues
> Task :expo:generateDebugResources
> Task :app:checkDebugAarMetadata
> Task :expo:packageDebugResources
> Task :expo-asset:generateDebugResValues
> Task :expo-asset:generateDebugResources
> Task :expo-asset:packageDebugResources
> Task :expo-constants:generateDebugResValues
> Task :expo-constants:generateDebugResources
> Task :expo-constants:packageDebugResources
> Task :expo-document-picker:generateDebugResValues
> Task :expo-document-picker:generateDebugResources
> Task :expo-document-picker:packageDebugResources
> Task :expo-file-system:generateDebugResValues
> Task :expo-file-system:generateDebugResources
> Task :expo-file-system:packageDebugResources
> Task :expo-font:generateDebugResValues
> Task :expo-font:generateDebugResources
> Task :expo-font:packageDebugResources
> Task :expo-image-loader:generateDebugResValues
> Task :expo-image-loader:generateDebugResources
> Task :expo-image-loader:packageDebugResources
> Task :expo-image-picker:generateDebugResValues
> Task :expo-image-picker:generateDebugResources
> Task :expo-image-picker:packageDebugResources
> Task :expo-keep-awake:generateDebugResValues
> Task :expo-keep-awake:generateDebugResources
> Task :expo-keep-awake:packageDebugResources
> Task :expo-linking:generateDebugResValues
> Task :expo-linking:generateDebugResources
> Task :expo-linking:packageDebugResources
> Task :expo-modules-core:generateDebugResValues
> Task :expo-modules-core:generateDebugResources
> Task :expo-modules-core:packageDebugResources
> Task :expo-system-ui:generateDebugResValues
> Task :expo-system-ui:generateDebugResources
> Task :expo-system-ui:packageDebugResources
> Task :lottie-react-native:generateDebugResValues
> Task :lottie-react-native:generateDebugResources
> Task :lottie-react-native:packageDebugResources
> Task :react-native-async-storage_async-storage:generateDebugResValues
> Task :react-native-async-storage_async-storage:generateDebugResources
> Task :react-native-async-storage_async-storage:packageDebugResources
> Task :react-native-community_netinfo:generateDebugResValues
> Task :react-native-community_netinfo:generateDebugResources
> Task :react-native-community_netinfo:packageDebugResources
> Task :react-native-gesture-handler:generateDebugResValues
> Task :react-native-gesture-handler:generateDebugResources
> Task :react-native-gesture-handler:packageDebugResources
> Task :react-native-google-mobile-ads:generateDebugResValues
> Task :react-native-google-mobile-ads:generateDebugResources
> Task :react-native-google-mobile-ads:packageDebugResources
> Task :react-native-reanimated:generateDebugResValues
> Task :react-native-reanimated:generateDebugResources
> Task :react-native-reanimated:packageDebugResources
> Task :react-native-safe-area-context:generateDebugResValues
> Task :react-native-safe-area-context:generateDebugResources
> Task :react-native-safe-area-context:packageDebugResources
> Task :react-native-screens:generateDebugResValues
> Task :react-native-screens:generateDebugResources
> Task :react-native-screens:packageDebugResources
> Task :app:mapDebugSourceSetPaths
> Task :app:generateDebugResources
> Task :app:packageDebugResources
> Task :app:createDebugCompatibleScreenManifests
> Task :app:extractDeepLinksDebug
> Task :expo:extractDeepLinksDebug
> Task :app:parseDebugLocalResources
> Task :expo-asset:extractDeepLinksDebug
> Task :app:mergeDebugResources
> Task :expo-constants:extractDeepLinksDebug
> Task :expo:processDebugManifest
> Task :expo-asset:processDebugManifest
> Task :expo-constants:processDebugManifest
> Task :expo-document-picker:extractDeepLinksDebug
> Task :expo-file-system:extractDeepLinksDebug
> Task :expo-document-picker:processDebugManifest
> Task :expo-font:extractDeepLinksDebug

> Task :expo-file-system:processDebugManifest
/home/engine/project/node_modules/expo-file-system/android/src/main/AndroidManifest.xml:6:9-8:20 Warning:
	provider#expo.modules.filesystem.FileSystemFileProvider@android:authorities was tagged at AndroidManifest.xml:6 to replace other declarations but no other declaration present

> Task :expo-font:processDebugManifest
> Task :expo-image-loader:extractDeepLinksDebug
> Task :expo-image-picker:extractDeepLinksDebug
> Task :expo-image-loader:processDebugManifest
> Task :expo-keep-awake:extractDeepLinksDebug
> Task :expo-image-picker:processDebugManifest
> Task :expo-linking:extractDeepLinksDebug
> Task :expo-keep-awake:processDebugManifest
> Task :expo-modules-core:extractDeepLinksDebug
> Task :expo-linking:processDebugManifest
> Task :expo-system-ui:extractDeepLinksDebug

> Task :expo-modules-core:processDebugManifest
/home/engine/project/node_modules/expo-modules-core/android/src/main/AndroidManifest.xml:8:9-11:45 Warning:
	meta-data#com.facebook.soloader.enabled@android:value was tagged at AndroidManifest.xml:8 to replace other declarations but no other declaration present

> Task :lottie-react-native:extractDeepLinksDebug
> Task :expo-system-ui:processDebugManifest
> Task :react-native-async-storage_async-storage:extractDeepLinksDebug
> Task :lottie-react-native:processDebugManifest
> Task :react-native-community_netinfo:extractDeepLinksDebug

> Task :react-native-async-storage_async-storage:processDebugManifest
package="com.reactnativecommunity.asyncstorage" found in source AndroidManifest.xml: /home/engine/project/node_modules/@react-native-async-storage/async-storage/android/src/main/AndroidManifest.xml.
Setting the namespace via the package attribute in the source AndroidManifest.xml is no longer supported, and the value is ignored.
Recommendation: remove package="com.reactnativecommunity.asyncstorage" from the source AndroidManifest.xml: /home/engine/project/node_modules/@react-native-async-storage/async-storage/android/src/main/AndroidManifest.xml.

> Task :react-native-gesture-handler:extractDeepLinksDebug

> Task :react-native-community_netinfo:processDebugManifest
package="com.reactnativecommunity.netinfo" found in source AndroidManifest.xml: /home/engine/project/node_modules/@react-native-community/netinfo/android/src/main/AndroidManifest.xml.
Setting the namespace via the package attribute in the source AndroidManifest.xml is no longer supported, and the value is ignored.
Recommendation: remove package="com.reactnativecommunity.netinfo" from the source AndroidManifest.xml: /home/engine/project/node_modules/@react-native-community/netinfo/android/src/main/AndroidManifest.xml.

> Task :react-native-google-mobile-ads:extractDeepLinksDebug
> Task :react-native-gesture-handler:processDebugManifest
> Task :react-native-reanimated:extractDeepLinksDebug

> Task :react-native-google-mobile-ads:processDebugManifest
package="io.invertase.googlemobileads" found in source AndroidManifest.xml: /home/engine/project/node_modules/react-native-google-mobile-ads/android/src/main/AndroidManifest.xml.
Setting the namespace via the package attribute in the source AndroidManifest.xml is no longer supported, and the value is ignored.
Recommendation: remove package="io.invertase.googlemobileads" from the source AndroidManifest.xml: /home/engine/project/node_modules/react-native-google-mobile-ads/android/src/main/AndroidManifest.xml.

> Task :react-native-safe-area-context:extractDeepLinksDebug
> Task :react-native-reanimated:processDebugManifest
> Task :react-native-screens:extractDeepLinksDebug

> Task :react-native-safe-area-context:processDebugManifest
package="com.th3rdwave.safeareacontext" found in source AndroidManifest.xml: /home/engine/project/node_modules/react-native-safe-area-context/android/src/main/AndroidManifest.xml.
Setting the namespace via the package attribute in the source AndroidManifest.xml is no longer supported, and the value is ignored.
Recommendation: remove package="com.th3rdwave.safeareacontext" from the source AndroidManifest.xml: /home/engine/project/node_modules/react-native-safe-area-context/android/src/main/AndroidManifest.xml.

> Task :react-native-screens:processDebugManifest
package="com.swmansion.rnscreens" found in source AndroidManifest.xml: /home/engine/project/node_modules/react-native-screens/android/src/main/AndroidManifest.xml.
Setting the namespace via the package attribute in the source AndroidManifest.xml is no longer supported, and the value is ignored.
Recommendation: remove package="com.swmansion.rnscreens" from the source AndroidManifest.xml: /home/engine/project/node_modules/react-native-screens/android/src/main/AndroidManifest.xml.

> Task :expo:compileDebugLibraryResources

> Task :app:processDebugMainManifest
/home/engine/project/android/app/src/debug/AndroidManifest.xml:6:5-162 Warning:
	application@android:usesCleartextTraffic was tagged at AndroidManifest.xml:6 to replace other declarations but no other declaration present
/home/engine/project/android/app/src/debug/AndroidManifest.xml Warning:
	provider#expo.modules.filesystem.FileSystemFileProvider@android:authorities was tagged at AndroidManifest.xml:0 to replace other declarations but no other declaration present

> Task :app:processDebugManifest
> Task :expo:parseDebugLocalResources
> Task :expo-asset:compileDebugLibraryResources
> Task :app:processDebugManifestForPackage
> Task :expo-asset:parseDebugLocalResources
> Task :expo-constants:compileDebugLibraryResources
> Task :expo-constants:parseDebugLocalResources
> Task :expo:generateDebugRFile
> Task :expo-constants:generateDebugRFile
> Task :expo-asset:generateDebugRFile
> Task :expo-document-picker:compileDebugLibraryResources
> Task :expo-document-picker:parseDebugLocalResources
> Task :expo-file-system:compileDebugLibraryResources
> Task :expo-font:compileDebugLibraryResources
> Task :expo-document-picker:generateDebugRFile
> Task :expo-file-system:parseDebugLocalResources
> Task :expo-font:parseDebugLocalResources
> Task :expo-image-loader:compileDebugLibraryResources
> Task :expo-file-system:generateDebugRFile
> Task :expo-image-loader:parseDebugLocalResources
> Task :expo-font:generateDebugRFile
> Task :expo-image-picker:compileDebugLibraryResources
> Task :expo-image-loader:generateDebugRFile
> Task :expo-image-picker:parseDebugLocalResources
> Task :expo-keep-awake:compileDebugLibraryResources
> Task :expo-image-picker:generateDebugRFile
> Task :expo-keep-awake:parseDebugLocalResources
> Task :expo-linking:compileDebugLibraryResources
> Task :expo-keep-awake:generateDebugRFile
> Task :expo-linking:parseDebugLocalResources
> Task :expo-modules-core:compileDebugLibraryResources
> Task :expo-linking:generateDebugRFile
> Task :expo-modules-core:parseDebugLocalResources
> Task :expo-system-ui:compileDebugLibraryResources
> Task :expo-system-ui:parseDebugLocalResources
> Task :expo-modules-core:generateDebugRFile
> Task :lottie-react-native:compileDebugLibraryResources
> Task :expo-system-ui:generateDebugRFile
> Task :lottie-react-native:parseDebugLocalResources
> Task :react-native-async-storage_async-storage:compileDebugLibraryResources
> Task :lottie-react-native:generateDebugRFile
> Task :react-native-async-storage_async-storage:parseDebugLocalResources
> Task :react-native-community_netinfo:compileDebugLibraryResources
> Task :react-native-community_netinfo:parseDebugLocalResources
> Task :react-native-async-storage_async-storage:generateDebugRFile
> Task :react-native-community_netinfo:generateDebugRFile
> Task :react-native-gesture-handler:compileDebugLibraryResources
> Task :react-native-gesture-handler:parseDebugLocalResources
> Task :react-native-google-mobile-ads:compileDebugLibraryResources
> Task :react-native-gesture-handler:generateDebugRFile
> Task :react-native-google-mobile-ads:parseDebugLocalResources
> Task :react-native-reanimated:compileDebugLibraryResources
> Task :react-native-reanimated:parseDebugLocalResources
> Task :react-native-google-mobile-ads:generateDebugRFile
> Task :react-native-safe-area-context:compileDebugLibraryResources
> Task :react-native-reanimated:generateDebugRFile
> Task :react-native-safe-area-context:parseDebugLocalResources
> Task :react-native-safe-area-context:generateDebugRFile
> Task :react-native-screens:parseDebugLocalResources
> Task :react-native-screens:compileDebugLibraryResources
> Task :expo:checkKotlinGradlePluginConfigurationErrors SKIPPED
> Task :react-native-screens:generateDebugRFile
> Task :expo:generateDebugBuildConfig
> Task :expo-asset:checkKotlinGradlePluginConfigurationErrors SKIPPED
> Task :expo-asset:generateDebugBuildConfig
> Task :expo-modules-core:checkKotlinGradlePluginConfigurationErrors SKIPPED
> Task :expo-modules-core:generateDebugBuildConfig
> Task :app:processDebugResources
> Task :expo-asset:javaPreCompileDebug
> Task :expo-constants:checkKotlinGradlePluginConfigurationErrors SKIPPED
> Task :expo-modules-core:javaPreCompileDebug
> Task :expo-constants:generateDebugBuildConfig
> Task :expo-document-picker:checkKotlinGradlePluginConfigurationErrors SKIPPED
> Task :expo-constants:javaPreCompileDebug
> Task :expo-document-picker:generateDebugBuildConfig
> Task :expo-file-system:checkKotlinGradlePluginConfigurationErrors SKIPPED
> Task :expo-document-picker:javaPreCompileDebug
> Task :expo-file-system:generateDebugBuildConfig
> Task :expo-font:checkKotlinGradlePluginConfigurationErrors SKIPPED
> Task :expo-file-system:javaPreCompileDebug
> Task :expo-font:generateDebugBuildConfig
> Task :expo-image-loader:checkKotlinGradlePluginConfigurationErrors SKIPPED
> Task :expo-font:javaPreCompileDebug
> Task :expo-image-loader:generateDebugBuildConfig
> Task :expo-image-picker:checkKotlinGradlePluginConfigurationErrors SKIPPED
> Task :expo-image-loader:javaPreCompileDebug
> Task :expo-image-picker:generateDebugBuildConfig
> Task :expo-keep-awake:checkKotlinGradlePluginConfigurationErrors SKIPPED
> Task :expo-image-picker:javaPreCompileDebug
> Task :expo-keep-awake:generateDebugBuildConfig
> Task :expo-linking:checkKotlinGradlePluginConfigurationErrors SKIPPED
> Task :expo-keep-awake:javaPreCompileDebug
> Task :expo-linking:generateDebugBuildConfig
> Task :expo-system-ui:checkKotlinGradlePluginConfigurationErrors SKIPPED
> Task :expo-linking:javaPreCompileDebug
> Task :expo-system-ui:generateDebugBuildConfig
> Task :expo-system-ui:javaPreCompileDebug
> Task :lottie-react-native:checkKotlinGradlePluginConfigurationErrors SKIPPED
> Task :expo:javaPreCompileDebug
> Task :lottie-react-native:generateDebugBuildConfig
> Task :lottie-react-native:javaPreCompileDebug
> Task :react-native-async-storage_async-storage:generateDebugBuildConfig
> Task :react-native-async-storage_async-storage:javaPreCompileDebug

> Task :react-native-async-storage_async-storage:compileDebugJavaWithJavac
/home/engine/project/node_modules/@react-native-async-storage/async-storage/android/src/main/java/com/reactnativecommunity/asyncstorage/AsyncStorageModule.java:84: warning: [removal] onCatalystInstanceDestroy() in NativeModule has been deprecated and marked for removal
  public void onCatalystInstanceDestroy() {
              ^
Note: Some input files use or override a deprecated API.
Note: Recompile with -Xlint:deprecation for details.
Note: /home/engine/project/node_modules/@react-native-async-storage/async-storage/android/src/javaPackage/java/com/reactnativecommunity/asyncstorage/AsyncStoragePackage.java uses unchecked or unsafe operations.
Note: Recompile with -Xlint:unchecked for details.
1 warning

> Task :react-native-async-storage_async-storage:bundleLibCompileToJarDebug
> Task :react-native-community_netinfo:generateDebugBuildConfig
> Task :react-native-community_netinfo:javaPreCompileDebug

> Task :react-native-community_netinfo:compileDebugJavaWithJavac
/home/engine/project/node_modules/@react-native-community/netinfo/android/src/main/java/com/reactnativecommunity/netinfo/NetInfoModule.java:47: warning: [removal] onCatalystInstanceDestroy() in NativeModule has been deprecated and marked for removal
    public void onCatalystInstanceDestroy() {
                ^
Note: Some input files use or override a deprecated API.
Note: Recompile with -Xlint:deprecation for details.
1 warning

> Task :react-native-community_netinfo:bundleLibCompileToJarDebug
> Task :react-native-gesture-handler:checkKotlinGradlePluginConfigurationErrors SKIPPED
> Task :react-native-gesture-handler:generateDebugBuildConfig
> Task :react-native-reanimated:generateDebugBuildConfig
> Task :react-native-reanimated:javaPreCompileDebug
> Task :react-native-reanimated:packageNdkLibs NO-SOURCE
> Task :expo-modules-core:compileDebugKotlin

> Task :react-native-reanimated:compileDebugJavaWithJavac
Note: Some input files use or override a deprecated API.
Note: Recompile with -Xlint:deprecation for details.
Note: Some input files use unchecked or unsafe operations.
Note: Recompile with -Xlint:unchecked for details.

> Task :react-native-reanimated:bundleLibCompileToJarDebug

> Task :lottie-react-native:compileDebugKotlin
w: file:///home/engine/project/node_modules/lottie-react-native/android/src/main/java/com/airbnb/android/react/lottie/LottieAnimationViewManagerImpl.kt:12:8 'class MapBuilder : Any' is deprecated. Deprecated in Java.
w: file:///home/engine/project/node_modules/lottie-react-native/android/src/main/java/com/airbnb/android/react/lottie/LottieAnimationViewManagerImpl.kt:21:17 'class MapBuilder : Any' is deprecated. Deprecated in Java.
w: file:///home/engine/project/node_modules/lottie-react-native/android/src/main/java/com/airbnb/android/react/lottie/LottieAnimationViewManagerImpl.kt:72:16 'class MapBuilder : Any' is deprecated. Deprecated in Java.
w: file:///home/engine/project/node_modules/lottie-react-native/android/src/main/java/com/airbnb/android/react/lottie/LottieAnimationViewManagerImpl.kt:74:13 'class MapBuilder : Any' is deprecated. Deprecated in Java.
w: file:///home/engine/project/node_modules/lottie-react-native/android/src/main/java/com/airbnb/android/react/lottie/LottieAnimationViewManagerImpl.kt:76:13 'class MapBuilder : Any' is deprecated. Deprecated in Java.
w: file:///home/engine/project/node_modules/lottie-react-native/android/src/main/java/com/airbnb/android/react/lottie/LottieAnimationViewManagerImpl.kt:78:13 'class MapBuilder : Any' is deprecated. Deprecated in Java.
w: file:///home/engine/project/node_modules/lottie-react-native/android/src/main/java/com/airbnb/android/react/lottie/LottieAnimationViewPropertyManager.kt:20:8 'class ReactFontManager : Any' is deprecated. Deprecated in Java.
w: file:///home/engine/project/node_modules/lottie-react-native/android/src/main/java/com/airbnb/android/react/lottie/LottieAnimationViewPropertyManager.kt:72:24 'class ReactFontManager : Any' is deprecated. Deprecated in Java.
w: file:///home/engine/project/node_modules/lottie-react-native/android/src/main/java/com/airbnb/android/react/lottie/LottieAnimationViewPropertyManager.kt:86:24 'class ReactFontManager : Any' is deprecated. Deprecated in Java.

> Task :lottie-react-native:compileDebugJavaWithJavac
> Task :lottie-react-native:bundleLibCompileToJarDebug
> Task :react-native-gesture-handler:javaPreCompileDebug
> Task :react-native-google-mobile-ads:checkKotlinGradlePluginConfigurationErrors SKIPPED
> Task :react-native-google-mobile-ads:generateDebugBuildConfig

> Task :react-native-google-mobile-ads:compileDebugKotlin
w: file:///home/engine/project/node_modules/react-native-google-mobile-ads/android/src/main/java/io/invertase/googlemobileads/OnNativeEvent.kt:6:68 'constructor<T : (Event<Event<*>!>..Event<*>?)>(p0: Int): Event<T>' is deprecated. Deprecated in Java.

> Task :react-native-google-mobile-ads:javaPreCompileDebug

> Task :react-native-google-mobile-ads:compileDebugJavaWithJavac
Note: Some input files use or override a deprecated API.
Note: Recompile with -Xlint:deprecation for details.
Note: /home/engine/project/node_modules/react-native-google-mobile-ads/android/src/main/java/io/invertase/googlemobileads/ReactNativeGoogleMobileAdsCommon.java uses unchecked or unsafe operations.
Note: Recompile with -Xlint:unchecked for details.

> Task :react-native-gesture-handler:compileDebugKotlin
w: file:///home/engine/project/node_modules/react-native-gesture-handler/android/src/main/java/com/swmansion/gesturehandler/RNGestureHandlerPackage.kt:69:42 'constructor(name: String, className: String, canOverrideExistingModule: Boolean, needsEagerInit: Boolean, hasConstants: Boolean, isCxxModule: Boolean, isTurboModule: Boolean): ReactModuleInfo' is deprecated. use ReactModuleInfo(String, String, boolean, boolean, boolean, boolean)].

> Task :react-native-gesture-handler:compileDebugJavaWithJavac
Note: /home/engine/project/node_modules/react-native-gesture-handler/android/paper/src/main/java/com/swmansion/gesturehandler/NativeRNGestureHandlerModuleSpec.java uses or overrides a deprecated API.
Note: Recompile with -Xlint:deprecation for details.

> Task :react-native-google-mobile-ads:bundleLibCompileToJarDebug
> Task :react-native-safe-area-context:checkKotlinGradlePluginConfigurationErrors SKIPPED
> Task :react-native-gesture-handler:bundleLibCompileToJarDebug
> Task :react-native-safe-area-context:generateDebugBuildConfig
> Task :react-native-safe-area-context:javaPreCompileDebug
> Task :react-native-screens:checkKotlinGradlePluginConfigurationErrors SKIPPED
> Task :react-native-screens:generateDebugBuildConfig

> Task :react-native-safe-area-context:compileDebugKotlin
w: file:///home/engine/project/node_modules/react-native-safe-area-context/android/src/main/java/com/th3rdwave/safeareacontext/SafeAreaContextPackage.kt:27:11 'constructor(name: String, className: String, canOverrideExistingModule: Boolean, needsEagerInit: Boolean, hasConstants: Boolean, isCxxModule: Boolean, isTurboModule: Boolean): ReactModuleInfo' is deprecated. use ReactModuleInfo(String, String, boolean, boolean, boolean, boolean)].
w: file:///home/engine/project/node_modules/react-native-safe-area-context/android/src/main/java/com/th3rdwave/safeareacontext/SafeAreaContextPackage.kt:33:27 'val hasConstants: Boolean' is deprecated. This property is unused and it's planning to be removed in a future version of
        React Native. Please refrain from using it.
w: file:///home/engine/project/node_modules/react-native-safe-area-context/android/src/main/java/com/th3rdwave/safeareacontext/SafeAreaView.kt:59:23 'val uiImplementation: UIImplementation!' is deprecated. Deprecated in Java.
w: file:///home/engine/project/node_modules/react-native-safe-area-context/android/src/paper/java/com/th3rdwave/safeareacontext/InsetsChangeEvent.kt:19:16 This declaration overrides a deprecated member but is not marked as deprecated itself. Please add the '@Deprecated' annotation or suppress the diagnostic.

> Task :react-native-safe-area-context:compileDebugJavaWithJavac
Note: /home/engine/project/node_modules/react-native-safe-area-context/android/src/paper/java/com/th3rdwave/safeareacontext/NativeSafeAreaContextSpec.java uses or overrides a deprecated API.
Note: Recompile with -Xlint:deprecation for details.

> Task :react-native-safe-area-context:bundleLibCompileToJarDebug
> Task :react-native-screens:javaPreCompileDebug
> Task :app:javaPreCompileDebug
> Task :app:mergeDebugShaders
> Task :app:compileDebugShaders NO-SOURCE
> Task :app:generateDebugAssets UP-TO-DATE
> Task :expo:mergeDebugShaders
> Task :expo:compileDebugShaders NO-SOURCE
> Task :expo:generateDebugAssets UP-TO-DATE
> Task :expo:packageDebugAssets
> Task :expo-asset:mergeDebugShaders
> Task :expo-asset:compileDebugShaders NO-SOURCE
> Task :expo-asset:generateDebugAssets UP-TO-DATE
> Task :expo-asset:packageDebugAssets
> Task :expo-constants:mergeDebugShaders
> Task :expo-constants:compileDebugShaders NO-SOURCE
> Task :expo-constants:generateDebugAssets UP-TO-DATE
> Task :expo-constants:packageDebugAssets
> Task :expo-document-picker:mergeDebugShaders
> Task :expo-document-picker:compileDebugShaders NO-SOURCE
> Task :expo-document-picker:generateDebugAssets UP-TO-DATE
> Task :expo-document-picker:packageDebugAssets
> Task :expo-file-system:mergeDebugShaders
> Task :expo-file-system:compileDebugShaders NO-SOURCE
> Task :expo-file-system:generateDebugAssets UP-TO-DATE
> Task :expo-file-system:packageDebugAssets
> Task :expo-font:mergeDebugShaders
> Task :expo-font:compileDebugShaders NO-SOURCE
> Task :expo-font:generateDebugAssets UP-TO-DATE
> Task :expo-font:packageDebugAssets
> Task :expo-image-loader:mergeDebugShaders
> Task :expo-image-loader:compileDebugShaders NO-SOURCE
> Task :expo-image-loader:generateDebugAssets UP-TO-DATE
> Task :expo-image-loader:packageDebugAssets
> Task :expo-image-picker:mergeDebugShaders
> Task :expo-image-picker:compileDebugShaders NO-SOURCE
> Task :expo-image-picker:generateDebugAssets UP-TO-DATE
> Task :expo-image-picker:packageDebugAssets
> Task :expo-keep-awake:mergeDebugShaders
> Task :expo-keep-awake:compileDebugShaders NO-SOURCE
> Task :expo-keep-awake:generateDebugAssets UP-TO-DATE
> Task :expo-keep-awake:packageDebugAssets
> Task :expo-linking:mergeDebugShaders
> Task :expo-linking:compileDebugShaders NO-SOURCE
> Task :expo-linking:generateDebugAssets UP-TO-DATE
> Task :expo-linking:packageDebugAssets
> Task :expo-modules-core:mergeDebugShaders
> Task :expo-modules-core:compileDebugShaders NO-SOURCE
> Task :expo-modules-core:generateDebugAssets UP-TO-DATE
> Task :expo-modules-core:packageDebugAssets
> Task :expo-system-ui:mergeDebugShaders
> Task :expo-system-ui:compileDebugShaders NO-SOURCE
> Task :expo-system-ui:generateDebugAssets UP-TO-DATE
> Task :expo-system-ui:packageDebugAssets
> Task :lottie-react-native:mergeDebugShaders
> Task :lottie-react-native:compileDebugShaders NO-SOURCE
> Task :lottie-react-native:generateDebugAssets UP-TO-DATE
> Task :lottie-react-native:packageDebugAssets
> Task :react-native-async-storage_async-storage:mergeDebugShaders
> Task :react-native-async-storage_async-storage:compileDebugShaders NO-SOURCE
> Task :react-native-async-storage_async-storage:generateDebugAssets UP-TO-DATE
> Task :react-native-async-storage_async-storage:packageDebugAssets
> Task :react-native-community_netinfo:mergeDebugShaders
> Task :react-native-community_netinfo:compileDebugShaders NO-SOURCE
> Task :react-native-community_netinfo:generateDebugAssets UP-TO-DATE
> Task :react-native-community_netinfo:packageDebugAssets
> Task :react-native-gesture-handler:mergeDebugShaders
> Task :react-native-gesture-handler:compileDebugShaders NO-SOURCE
> Task :react-native-gesture-handler:generateDebugAssets UP-TO-DATE
> Task :react-native-gesture-handler:packageDebugAssets
> Task :react-native-google-mobile-ads:mergeDebugShaders
> Task :react-native-google-mobile-ads:compileDebugShaders NO-SOURCE
> Task :react-native-google-mobile-ads:generateDebugAssets UP-TO-DATE
> Task :react-native-google-mobile-ads:packageDebugAssets
> Task :react-native-reanimated:mergeDebugShaders
> Task :react-native-reanimated:compileDebugShaders NO-SOURCE
> Task :react-native-reanimated:generateDebugAssets UP-TO-DATE
> Task :react-native-reanimated:packageDebugAssets
> Task :react-native-safe-area-context:mergeDebugShaders
> Task :react-native-safe-area-context:compileDebugShaders NO-SOURCE
> Task :react-native-safe-area-context:generateDebugAssets UP-TO-DATE
> Task :react-native-safe-area-context:packageDebugAssets
> Task :react-native-screens:mergeDebugShaders
> Task :react-native-screens:compileDebugShaders NO-SOURCE
> Task :react-native-screens:generateDebugAssets UP-TO-DATE
> Task :react-native-screens:packageDebugAssets
> Task :app:mergeDebugAssets
> Task :app:compressDebugAssets
> Task :lottie-react-native:bundleLibRuntimeToJarDebug
> Task :react-native-screens:compileDebugKotlin
w: file:///home/engine/project/node_modules/react-native-screens/android/src/main/java/com/swmansion/rnscreens/CustomToolbar.kt:19:33 'class FrameCallback : Choreographer.FrameCallback' is deprecated. Use Choreographer.FrameCallback instead.
w: file:///home/engine/project/node_modules/react-native-screens/android/src/main/java/com/swmansion/rnscreens/CustomToolbar.kt:20:18 'class FrameCallback : Choreographer.FrameCallback' is deprecated. Use Choreographer.FrameCallback instead.
w: file:///home/engine/project/node_modules/react-native-screens/android/src/main/java/com/swmansion/rnscreens/RNScreensPackage.kt:64:17 'constructor(name: String, className: String, canOverrideExistingModule: Boolean, needsEagerInit: Boolean, hasConstants: Boolean, isCxxModule: Boolean, isTurboModule: Boolean): ReactModuleInfo' is deprecated. use ReactModuleInfo(String, String, boolean, boolean, boolean, boolean)].
w: file:///home/engine/project/node_modules/react-native-screens/android/src/main/java/com/swmansion/rnscreens/Screen.kt:45:77 Unchecked cast of '(androidx.coordinatorlayout.widget.CoordinatorLayout.Behavior<android.view.View!>?..androidx.coordinatorlayout.widget.CoordinatorLayout.Behavior<*>?)' to 'com.google.android.material.bottomsheet.BottomSheetBehavior<com.swmansion.rnscreens.Screen>'.
w: file:///home/engine/project/node_modules/react-native-screens/android/src/main/java/com/swmansion/rnscreens/ScreenContainer.kt:33:33 'class FrameCallback : Choreographer.FrameCallback' is deprecated. Use Choreographer.FrameCallback instead.
w: file:///home/engine/project/node_modules/react-native-screens/android/src/main/java/com/swmansion/rnscreens/ScreenContainer.kt:34:18 'class FrameCallback : Choreographer.FrameCallback' is deprecated. Use Choreographer.FrameCallback instead.
w: file:///home/engine/project/node_modules/react-native-screens/android/src/main/java/com/swmansion/rnscreens/ScreenStackFragment.kt:257:31 'var targetElevation: Float' is deprecated. Deprecated in Java.
w: file:///home/engine/project/node_modules/react-native-screens/android/src/main/java/com/swmansion/rnscreens/ScreenStackFragment.kt:260:13 'fun setHasOptionsMenu(p0: Boolean): Unit' is deprecated. Deprecated in Java.
w: file:///home/engine/project/node_modules/react-native-screens/android/src/main/java/com/swmansion/rnscreens/ScreenStackFragment.kt:489:18 This declaration overrides a deprecated member but is not marked as deprecated itself. Please add the '@Deprecated' annotation or suppress the diagnostic.
w: file:///home/engine/project/node_modules/react-native-screens/android/src/main/java/com/swmansion/rnscreens/ScreenStackFragment.kt:496:22 'fun onPrepareOptionsMenu(p0: Menu): Unit' is deprecated. Deprecated in Java.
w: file:///home/engine/project/node_modules/react-native-screens/android/src/main/java/com/swmansion/rnscreens/ScreenStackFragment.kt:499:18 This declaration overrides a deprecated member but is not marked as deprecated itself. Please add the '@Deprecated' annotation or suppress the diagnostic.
w: file:///home/engine/project/node_modules/react-native-screens/android/src/main/java/com/swmansion/rnscreens/ScreenStackFragment.kt:504:22 'fun onCreateOptionsMenu(p0: Menu, p1: MenuInflater): Unit' is deprecated. Deprecated in Java.
w: file:///home/engine/project/node_modules/react-native-screens/android/src/main/java/com/swmansion/rnscreens/ScreenStackHeaderConfig.kt:100:38 'val systemWindowInsetTop: Int' is deprecated. Deprecated in Java.
w: file:///home/engine/project/node_modules/react-native-screens/android/src/main/java/com/swmansion/rnscreens/ScreenStackHeaderConfigViewManager.kt:7:8 'class MapBuilder : Any' is deprecated. Deprecated in Java.
w: file:///home/engine/project/node_modules/react-native-screens/android/src/main/java/com/swmansion/rnscreens/ScreenStackHeaderConfigViewManager.kt:209:9 'class MapBuilder : Any' is deprecated. Deprecated in Java.
w: file:///home/engine/project/node_modules/react-native-screens/android/src/main/java/com/swmansion/rnscreens/ScreenStackHeaderConfigViewManager.kt:211:13 'class MapBuilder : Any' is deprecated. Deprecated in Java.
w: file:///home/engine/project/node_modules/react-native-screens/android/src/main/java/com/swmansion/rnscreens/ScreenStackHeaderConfigViewManager.kt:213:13 'class MapBuilder : Any' is deprecated. Deprecated in Java.
w: file:///home/engine/project/node_modules/react-native-screens/android/src/main/java/com/swmansion/rnscreens/ScreenViewManager.kt:7:8 'class MapBuilder : Any' is deprecated. Deprecated in Java.
w: file:///home/engine/project/node_modules/react-native-screens/android/src/main/java/com/swmansion/rnscreens/ScreenViewManager.kt:375:48 'class MapBuilder : Any' is deprecated. Deprecated in Java.
w: file:///home/engine/project/node_modules/react-native-screens/android/src/main/java/com/swmansion/rnscreens/ScreenViewManager.kt:376:49 'class MapBuilder : Any' is deprecated. Deprecated in Java.
w: file:///home/engine/project/node_modules/react-native-screens/android/src/main/java/com/swmansion/rnscreens/ScreenViewManager.kt:377:45 'class MapBuilder : Any' is deprecated. Deprecated in Java.
w: file:///home/engine/project/node_modules/react-native-screens/android/src/main/java/com/swmansion/rnscreens/ScreenViewManager.kt:378:52 'class MapBuilder : Any' is deprecated. Deprecated in Java.
w: file:///home/engine/project/node_modules/react-native-screens/android/src/main/java/com/swmansion/rnscreens/ScreenViewManager.kt:379:48 'class MapBuilder : Any' is deprecated. Deprecated in Java.
w: file:///home/engine/project/node_modules/react-native-screens/android/src/main/java/com/swmansion/rnscreens/ScreenViewManager.kt:380:51 'class MapBuilder : Any' is deprecated. Deprecated in Java.
w: file:///home/engine/project/node_modules/react-native-screens/android/src/main/java/com/swmansion/rnscreens/ScreenViewManager.kt:381:56 'class MapBuilder : Any' is deprecated. Deprecated in Java.
w: file:///home/engine/project/node_modules/react-native-screens/android/src/main/java/com/swmansion/rnscreens/ScreenViewManager.kt:382:57 'class MapBuilder : Any' is deprecated. Deprecated in Java.
w: file:///home/engine/project/node_modules/react-native-screens/android/src/main/java/com/swmansion/rnscreens/ScreenViewManager.kt:383:51 'class MapBuilder : Any' is deprecated. Deprecated in Java.
w: file:///home/engine/project/node_modules/react-native-screens/android/src/main/java/com/swmansion/rnscreens/ScreenWindowTraits.kt:55:42 'fun replaceSystemWindowInsets(p0: Int, p1: Int, p2: Int, p3: Int): WindowInsetsCompat' is deprecated. Deprecated in Java.
w: file:///home/engine/project/node_modules/react-native-screens/android/src/main/java/com/swmansion/rnscreens/ScreenWindowTraits.kt:56:39 'val systemWindowInsetLeft: Int' is deprecated. Deprecated in Java.
w: file:///home/engine/project/node_modules/react-native-screens/android/src/main/java/com/swmansion/rnscreens/ScreenWindowTraits.kt:58:39 'val systemWindowInsetRight: Int' is deprecated. Deprecated in Java.
w: file:///home/engine/project/node_modules/react-native-screens/android/src/main/java/com/swmansion/rnscreens/ScreenWindowTraits.kt:59:39 'val systemWindowInsetBottom: Int' is deprecated. Deprecated in Java.
w: file:///home/engine/project/node_modules/react-native-screens/android/src/main/java/com/swmansion/rnscreens/ScreenWindowTraits.kt:98:53 'var statusBarColor: Int' is deprecated. Deprecated in Java.
w: file:///home/engine/project/node_modules/react-native-screens/android/src/main/java/com/swmansion/rnscreens/ScreenWindowTraits.kt:109:48 'var statusBarColor: Int' is deprecated. Deprecated in Java.
w: file:///home/engine/project/node_modules/react-native-screens/android/src/main/java/com/swmansion/rnscreens/ScreenWindowTraits.kt:112:32 'var statusBarColor: Int' is deprecated. Deprecated in Java.
w: file:///home/engine/project/node_modules/react-native-screens/android/src/main/java/com/swmansion/rnscreens/ScreenWindowTraits.kt:208:72 'var navigationBarColor: Int' is deprecated. Deprecated in Java.
w: file:///home/engine/project/node_modules/react-native-screens/android/src/main/java/com/swmansion/rnscreens/ScreenWindowTraits.kt:214:16 'var navigationBarColor: Int' is deprecated. Deprecated in Java.
w: file:///home/engine/project/node_modules/react-native-screens/android/src/main/java/com/swmansion/rnscreens/SearchBarManager.kt:5:8 'class MapBuilder : Any' is deprecated. Deprecated in Java.
w: file:///home/engine/project/node_modules/react-native-screens/android/src/main/java/com/swmansion/rnscreens/SearchBarManager.kt:142:9 'class MapBuilder : Any' is deprecated. Deprecated in Java.
w: file:///home/engine/project/node_modules/react-native-screens/android/src/main/java/com/swmansion/rnscreens/SearchBarManager.kt:144:13 'class MapBuilder : Any' is deprecated. Deprecated in Java.
w: file:///home/engine/project/node_modules/react-native-screens/android/src/main/java/com/swmansion/rnscreens/SearchBarManager.kt:146:13 'class MapBuilder : Any' is deprecated. Deprecated in Java.
w: file:///home/engine/project/node_modules/react-native-screens/android/src/main/java/com/swmansion/rnscreens/SearchBarManager.kt:148:13 'class MapBuilder : Any' is deprecated. Deprecated in Java.
w: file:///home/engine/project/node_modules/react-native-screens/android/src/main/java/com/swmansion/rnscreens/SearchBarManager.kt:150:13 'class MapBuilder : Any' is deprecated. Deprecated in Java.
w: file:///home/engine/project/node_modules/react-native-screens/android/src/main/java/com/swmansion/rnscreens/SearchBarManager.kt:152:13 'class MapBuilder : Any' is deprecated. Deprecated in Java.
w: file:///home/engine/project/node_modules/react-native-screens/android/src/main/java/com/swmansion/rnscreens/SearchBarManager.kt:154:13 'class MapBuilder : Any' is deprecated. Deprecated in Java.
w: file:///home/engine/project/node_modules/react-native-screens/android/src/main/java/com/swmansion/rnscreens/bottomsheet/BottomSheetDialogRootView.kt:7:8 'class ReactFeatureFlags : Any' is deprecated. Deprecated in Java.
w: file:///home/engine/project/node_modules/react-native-screens/android/src/main/java/com/swmansion/rnscreens/bottomsheet/BottomSheetDialogRootView.kt:25:13 'class ReactFeatureFlags : Any' is deprecated. Deprecated in Java.

> Task :expo-modules-core:compileDebugJavaWithJavac
> Task :expo-modules-core:bundleLibCompileToJarDebug

> Task :react-native-screens:compileDebugJavaWithJavac
Note: /home/engine/project/node_modules/react-native-screens/android/src/paper/java/com/swmansion/rnscreens/NativeScreensModuleSpec.java uses or overrides a deprecated API.
Note: Recompile with -Xlint:deprecation for details.

> Task :expo-asset:compileDebugKotlin
> Task :expo-asset:compileDebugJavaWithJavac
> Task :expo-asset:bundleLibCompileToJarDebug
> Task :expo-constants:compileDebugKotlin
> Task :expo-document-picker:compileDebugKotlin
> Task :expo-constants:compileDebugJavaWithJavac
> Task :expo-constants:bundleLibCompileToJarDebug
> Task :expo-document-picker:compileDebugJavaWithJavac
> Task :expo-document-picker:bundleLibCompileToJarDebug
> Task :expo-font:compileDebugKotlin
> Task :expo-image-loader:compileDebugKotlin
> Task :expo-font:compileDebugJavaWithJavac
> Task :expo-font:bundleLibCompileToJarDebug
> Task :expo-image-loader:compileDebugJavaWithJavac
> Task :expo-image-loader:bundleLibCompileToJarDebug
> Task :expo-file-system:compileDebugKotlin
> Task :expo-keep-awake:compileDebugKotlin
> Task :expo-file-system:compileDebugJavaWithJavac
> Task :expo-file-system:bundleLibCompileToJarDebug
> Task :expo-keep-awake:compileDebugJavaWithJavac
> Task :expo-keep-awake:bundleLibCompileToJarDebug

> Task :expo-image-picker:compileDebugKotlin
w: file:///home/engine/project/node_modules/expo-image-picker/android/src/main/java/expo/modules/imagepicker/ImagePickerConstants.kt:123:23 'static field TAG_ISO_SPEED_RATINGS: String' is deprecated. Deprecated in Java.

> Task :expo-linking:compileDebugKotlin
> Task :expo-linking:compileDebugJavaWithJavac
> Task :expo-system-ui:compileDebugKotlin
> Task :expo-image-picker:compileDebugJavaWithJavac
> Task :expo-linking:bundleLibCompileToJarDebug
> Task :expo-image-picker:bundleLibCompileToJarDebug
> Task :expo-system-ui:compileDebugJavaWithJavac
> Task :expo-system-ui:bundleLibCompileToJarDebug
> Task :react-native-gesture-handler:bundleLibRuntimeToJarDebug
> Task :react-native-screens:bundleLibCompileToJarDebug
> Task :react-native-google-mobile-ads:bundleLibRuntimeToJarDebug
> Task :react-native-safe-area-context:bundleLibRuntimeToJarDebug
> Task :react-native-screens:bundleLibRuntimeToJarDebug
> Task :react-native-async-storage_async-storage:bundleLibRuntimeToJarDebug
> Task :react-native-community_netinfo:bundleLibRuntimeToJarDebug

> Task :expo:compileDebugKotlin
w: file:///home/engine/project/node_modules/expo/android/src/main/java/expo/modules/ReactActivityDelegateWrapper.kt:163:34 'constructor(p0: Activity!, p1: ReactNativeHost!, p2: String?, p3: Bundle?): ReactDelegate' is deprecated. Deprecated in Java.
w: file:///home/engine/project/node_modules/expo/android/src/main/java/expo/modules/fetch/NativeResponse.kt:40:16 This declaration overrides a deprecated member but is not marked as deprecated itself. Please add the '@Deprecated' annotation or suppress the diagnostic.
w: file:///home/engine/project/node_modules/expo/android/src/main/java/expo/modules/fetch/NativeResponse.kt:42:11 'fun deallocate(): Unit' is deprecated. Use sharedObjectDidRelease() instead.

> Task :react-native-reanimated:bundleLibRuntimeToJarDebug
